0 info it worked if it ends with ok
1 verbose cli [ '/Users/jchiu/.meteor/packages/meteor-tool/.1.4.2.zi1w5b++os.osx.x86_64+web.browser+web.cordova/mt-os.osx.x86_64/dev_bundle/bin/node',
1 verbose cli   '/Users/jchiu/.meteor/packages/meteor-tool/.1.4.2.zi1w5b++os.osx.x86_64+web.browser+web.cordova/mt-os.osx.x86_64/dev_bundle/bin/npm',
1 verbose cli   'install',
1 verbose cli   '--save',
1 verbose cli   '@angular',
1 verbose cli   'ng-img-crop',
1 verbose cli   'meteor-node-stubs',
1 verbose cli   'spawn-sync',
1 verbose cli   'angular2-meteor',
1 verbose cli   'angular-material',
1 verbose cli   'angular-sanitize',
1 verbose cli   'ionic-sdk' ]
2 info using npm@3.10.9
3 info using node@v4.6.1
4 silly loadCurrentTree Starting
5 silly install loadCurrentTree
6 silly install readLocalPackageData
7 silly fetchPackageMetaData @angular
8 silly fetchPackageMetaData ng-img-crop@^0.2.0
9 silly fetchPackageMetaData meteor-node-stubs@~0.2.0
10 silly fetchPackageMetaData spawn-sync
11 silly fetchPackageMetaData angular2-meteor@^0.7.0
12 silly fetchPackageMetaData angular-material@^1.0.7
13 silly fetchPackageMetaData angular-sanitize@^1.5.5
14 silly fetchPackageMetaData ionic-sdk@^1.2.4
15 silly fetchNamedPackageData ng-img-crop
16 silly mapToRegistry name ng-img-crop
17 silly mapToRegistry using default registry
18 silly mapToRegistry registry https://registry.npmjs.org/
19 silly mapToRegistry data Result {
19 silly mapToRegistry   raw: 'ng-img-crop',
19 silly mapToRegistry   scope: null,
19 silly mapToRegistry   escapedName: 'ng-img-crop',
19 silly mapToRegistry   name: 'ng-img-crop',
19 silly mapToRegistry   rawSpec: '',
19 silly mapToRegistry   spec: 'latest',
19 silly mapToRegistry   type: 'tag' }
20 silly mapToRegistry uri https://registry.npmjs.org/ng-img-crop
21 silly fetchNamedPackageData meteor-node-stubs
22 silly mapToRegistry name meteor-node-stubs
23 silly mapToRegistry using default registry
24 silly mapToRegistry registry https://registry.npmjs.org/
25 silly mapToRegistry data Result {
25 silly mapToRegistry   raw: 'meteor-node-stubs',
25 silly mapToRegistry   scope: null,
25 silly mapToRegistry   escapedName: 'meteor-node-stubs',
25 silly mapToRegistry   name: 'meteor-node-stubs',
25 silly mapToRegistry   rawSpec: '',
25 silly mapToRegistry   spec: 'latest',
25 silly mapToRegistry   type: 'tag' }
26 silly mapToRegistry uri https://registry.npmjs.org/meteor-node-stubs
27 silly fetchNamedPackageData angular2-meteor
28 silly mapToRegistry name angular2-meteor
29 silly mapToRegistry using default registry
30 silly mapToRegistry registry https://registry.npmjs.org/
31 silly mapToRegistry data Result {
31 silly mapToRegistry   raw: 'angular2-meteor',
31 silly mapToRegistry   scope: null,
31 silly mapToRegistry   escapedName: 'angular2-meteor',
31 silly mapToRegistry   name: 'angular2-meteor',
31 silly mapToRegistry   rawSpec: '',
31 silly mapToRegistry   spec: 'latest',
31 silly mapToRegistry   type: 'tag' }
32 silly mapToRegistry uri https://registry.npmjs.org/angular2-meteor
33 silly fetchNamedPackageData angular-material
34 silly mapToRegistry name angular-material
35 silly mapToRegistry using default registry
36 silly mapToRegistry registry https://registry.npmjs.org/
37 silly mapToRegistry data Result {
37 silly mapToRegistry   raw: 'angular-material',
37 silly mapToRegistry   scope: null,
37 silly mapToRegistry   escapedName: 'angular-material',
37 silly mapToRegistry   name: 'angular-material',
37 silly mapToRegistry   rawSpec: '',
37 silly mapToRegistry   spec: 'latest',
37 silly mapToRegistry   type: 'tag' }
38 silly mapToRegistry uri https://registry.npmjs.org/angular-material
39 silly fetchNamedPackageData angular-sanitize
40 silly mapToRegistry name angular-sanitize
41 silly mapToRegistry using default registry
42 silly mapToRegistry registry https://registry.npmjs.org/
43 silly mapToRegistry data Result {
43 silly mapToRegistry   raw: 'angular-sanitize',
43 silly mapToRegistry   scope: null,
43 silly mapToRegistry   escapedName: 'angular-sanitize',
43 silly mapToRegistry   name: 'angular-sanitize',
43 silly mapToRegistry   rawSpec: '',
43 silly mapToRegistry   spec: 'latest',
43 silly mapToRegistry   type: 'tag' }
44 silly mapToRegistry uri https://registry.npmjs.org/angular-sanitize
45 silly fetchNamedPackageData ionic-sdk
46 silly mapToRegistry name ionic-sdk
47 silly mapToRegistry using default registry
48 silly mapToRegistry registry https://registry.npmjs.org/
49 silly mapToRegistry data Result {
49 silly mapToRegistry   raw: 'ionic-sdk',
49 silly mapToRegistry   scope: null,
49 silly mapToRegistry   escapedName: 'ionic-sdk',
49 silly mapToRegistry   name: 'ionic-sdk',
49 silly mapToRegistry   rawSpec: '',
49 silly mapToRegistry   spec: 'latest',
49 silly mapToRegistry   type: 'tag' }
50 silly mapToRegistry uri https://registry.npmjs.org/ionic-sdk
51 silly fetchOtherPackageData @angular
52 silly cache add args [ '@angular', null ]
53 verbose cache add spec @angular
54 silly fetchNamedPackageData spawn-sync
55 silly mapToRegistry name spawn-sync
56 silly mapToRegistry using default registry
57 silly mapToRegistry registry https://registry.npmjs.org/
58 silly mapToRegistry data Result {
58 silly mapToRegistry   raw: 'spawn-sync',
58 silly mapToRegistry   scope: null,
58 silly mapToRegistry   escapedName: 'spawn-sync',
58 silly mapToRegistry   name: 'spawn-sync',
58 silly mapToRegistry   rawSpec: '',
58 silly mapToRegistry   spec: 'latest',
58 silly mapToRegistry   type: 'tag' }
59 silly mapToRegistry uri https://registry.npmjs.org/spawn-sync
60 verbose request uri https://registry.npmjs.org/ng-img-crop
61 verbose request no auth needed
62 info attempt registry request try #1 at 5:08:44 PM
63 verbose request id 19f03e7f291792b2
64 http request GET https://registry.npmjs.org/ng-img-crop
65 verbose request uri https://registry.npmjs.org/meteor-node-stubs
66 verbose request no auth needed
67 info attempt registry request try #1 at 5:08:44 PM
68 http request GET https://registry.npmjs.org/meteor-node-stubs
69 verbose request uri https://registry.npmjs.org/angular2-meteor
70 verbose request no auth needed
71 info attempt registry request try #1 at 5:08:44 PM
72 http request GET https://registry.npmjs.org/angular2-meteor
73 verbose request uri https://registry.npmjs.org/angular-material
74 verbose request no auth needed
75 info attempt registry request try #1 at 5:08:44 PM
76 http request GET https://registry.npmjs.org/angular-material
77 verbose request uri https://registry.npmjs.org/ionic-sdk
78 verbose request no auth needed
79 info attempt registry request try #1 at 5:08:44 PM
80 http request GET https://registry.npmjs.org/ionic-sdk
81 silly cache add parsed spec Result {
81 silly cache add   raw: '@angular',
81 silly cache add   scope: null,
81 silly cache add   escapedName: null,
81 silly cache add   name: null,
81 silly cache add   rawSpec: '@angular',
81 silly cache add   spec: '/Users/jchiu/Downloads/meteor-angular-socially-master/@angular',
81 silly cache add   type: 'local' }
82 verbose request uri https://registry.npmjs.org/spawn-sync
83 verbose request no auth needed
84 info attempt registry request try #1 at 5:08:44 PM
85 http request GET https://registry.npmjs.org/spawn-sync
86 error addLocal Could not install /Users/jchiu/Downloads/meteor-angular-socially-master/@angular
87 silly fetchPackageMetaData Error: ENOENT: no such file or directory, open '/Users/jchiu/Downloads/meteor-angular-socially-master/@angular'
87 silly fetchPackageMetaData     at Error (native)
87 silly fetchPackageMetaData  error for @angular { [Error: ENOENT: no such file or directory, open '/Users/jchiu/Downloads/meteor-angular-socially-master/@angular']
87 silly fetchPackageMetaData   errno: -2,
87 silly fetchPackageMetaData   code: 'ENOENT',
87 silly fetchPackageMetaData   syscall: 'open',
87 silly fetchPackageMetaData   path: '/Users/jchiu/Downloads/meteor-angular-socially-master/@angular' }
88 verbose request uri https://registry.npmjs.org/angular-sanitize
89 verbose request no auth needed
90 info attempt registry request try #1 at 5:08:44 PM
91 verbose etag "28ZZMCFXQF0KCCUDW1YNZOS2B"
92 http request GET https://registry.npmjs.org/angular-sanitize
93 http 200 https://registry.npmjs.org/angular-material
94 verbose headers { server: 'CouchDB/1.6.1 (Erlang OTP/R16B03)',
94 verbose headers   etag: '"3ODIW0TCJ3B1V1PKX9M7WLNF4"',
94 verbose headers   'content-type': 'application/json',
94 verbose headers   'content-encoding': 'gzip',
94 verbose headers   'cache-control': 'max-age=300',
94 verbose headers   'content-length': '9470',
94 verbose headers   'accept-ranges': 'bytes',
94 verbose headers   date: 'Fri, 28 Oct 2016 00:08:44 GMT',
94 verbose headers   via: '1.1 varnish',
94 verbose headers   age: '213',
94 verbose headers   connection: 'keep-alive',
94 verbose headers   'x-served-by': 'cache-sjc3130-SJC',
94 verbose headers   'x-cache': 'HIT',
94 verbose headers   'x-cache-hits': '2',
94 verbose headers   'x-timer': 'S1477613324.581745,VS0,VE0',
94 verbose headers   vary: 'Accept-Encoding' }
95 silly get cb [ 200,
95 silly get   { server: 'CouchDB/1.6.1 (Erlang OTP/R16B03)',
95 silly get     etag: '"3ODIW0TCJ3B1V1PKX9M7WLNF4"',
95 silly get     'content-type': 'application/json',
95 silly get     'content-encoding': 'gzip',
95 silly get     'cache-control': 'max-age=300',
95 silly get     'content-length': '9470',
95 silly get     'accept-ranges': 'bytes',
95 silly get     date: 'Fri, 28 Oct 2016 00:08:44 GMT',
95 silly get     via: '1.1 varnish',
95 silly get     age: '213',
95 silly get     connection: 'keep-alive',
95 silly get     'x-served-by': 'cache-sjc3130-SJC',
95 silly get     'x-cache': 'HIT',
95 silly get     'x-cache-hits': '2',
95 silly get     'x-timer': 'S1477613324.581745,VS0,VE0',
95 silly get     vary: 'Accept-Encoding' } ]
96 verbose get saving angular-material to /Users/jchiu/.meteor/packages/meteor-tool/.1.4.2.zi1w5b++os.osx.x86_64+web.browser+web.cordova/mt-os.osx.x86_64/dev_bundle/.npm/registry.npmjs.org/angular-material/.cache.json
97 verbose correctMkdir /Users/jchiu/.meteor/packages/meteor-tool/.1.4.2.zi1w5b++os.osx.x86_64+web.browser+web.cordova/mt-os.osx.x86_64/dev_bundle/.npm correctMkdir not in flight; initializing
98 http 200 https://registry.npmjs.org/angular-sanitize
99 verbose headers { server: 'CouchDB/1.5.0 (Erlang OTP/R16B03)',
99 verbose headers   etag: '"2I33MJKMF0Y13YVZ6N4MS1BKY"',
99 verbose headers   'content-type': 'application/json',
99 verbose headers   'content-encoding': 'gzip',
99 verbose headers   'cache-control': 'max-age=300',
99 verbose headers   'content-length': '11333',
99 verbose headers   'accept-ranges': 'bytes',
99 verbose headers   date: 'Fri, 28 Oct 2016 00:08:44 GMT',
99 verbose headers   via: '1.1 varnish',
99 verbose headers   age: '87',
99 verbose headers   connection: 'keep-alive',
99 verbose headers   'x-served-by': 'cache-sjc3636-SJC',
99 verbose headers   'x-cache': 'HIT',
99 verbose headers   'x-cache-hits': '1',
99 verbose headers   'x-timer': 'S1477613324.581733,VS0,VE0',
99 verbose headers   vary: 'Accept-Encoding' }
100 silly get cb [ 200,
100 silly get   { server: 'CouchDB/1.5.0 (Erlang OTP/R16B03)',
100 silly get     etag: '"2I33MJKMF0Y13YVZ6N4MS1BKY"',
100 silly get     'content-type': 'application/json',
100 silly get     'content-encoding': 'gzip',
100 silly get     'cache-control': 'max-age=300',
100 silly get     'content-length': '11333',
100 silly get     'accept-ranges': 'bytes',
100 silly get     date: 'Fri, 28 Oct 2016 00:08:44 GMT',
100 silly get     via: '1.1 varnish',
100 silly get     age: '87',
100 silly get     connection: 'keep-alive',
100 silly get     'x-served-by': 'cache-sjc3636-SJC',
100 silly get     'x-cache': 'HIT',
100 silly get     'x-cache-hits': '1',
100 silly get     'x-timer': 'S1477613324.581733,VS0,VE0',
100 silly get     vary: 'Accept-Encoding' } ]
101 verbose get saving angular-sanitize to /Users/jchiu/.meteor/packages/meteor-tool/.1.4.2.zi1w5b++os.osx.x86_64+web.browser+web.cordova/mt-os.osx.x86_64/dev_bundle/.npm/registry.npmjs.org/angular-sanitize/.cache.json
102 verbose correctMkdir /Users/jchiu/.meteor/packages/meteor-tool/.1.4.2.zi1w5b++os.osx.x86_64+web.browser+web.cordova/mt-os.osx.x86_64/dev_bundle/.npm correctMkdir not in flight; initializing
103 http 200 https://registry.npmjs.org/ionic-sdk
104 verbose headers { server: 'CouchDB/1.6.1 (Erlang OTP/R16B03)',
104 verbose headers   etag: '"7GFFAWNNCTUT2AC82S6FI0HW0"',
104 verbose headers   'content-type': 'application/json',
104 verbose headers   'content-encoding': 'gzip',
104 verbose headers   'cache-control': 'max-age=300',
104 verbose headers   'content-length': '5914',
104 verbose headers   'accept-ranges': 'bytes',
104 verbose headers   date: 'Fri, 28 Oct 2016 00:08:44 GMT',
104 verbose headers   via: '1.1 varnish',
104 verbose headers   age: '0',
104 verbose headers   connection: 'keep-alive',
104 verbose headers   'x-served-by': 'cache-sjc3129-SJC',
104 verbose headers   'x-cache': 'MISS',
104 verbose headers   'x-cache-hits': '0',
104 verbose headers   'x-timer': 'S1477613324.575138,VS0,VE92',
104 verbose headers   vary: 'Accept-Encoding' }
105 silly get cb [ 200,
105 silly get   { server: 'CouchDB/1.6.1 (Erlang OTP/R16B03)',
105 silly get     etag: '"7GFFAWNNCTUT2AC82S6FI0HW0"',
105 silly get     'content-type': 'application/json',
105 silly get     'content-encoding': 'gzip',
105 silly get     'cache-control': 'max-age=300',
105 silly get     'content-length': '5914',
105 silly get     'accept-ranges': 'bytes',
105 silly get     date: 'Fri, 28 Oct 2016 00:08:44 GMT',
105 silly get     via: '1.1 varnish',
105 silly get     age: '0',
105 silly get     connection: 'keep-alive',
105 silly get     'x-served-by': 'cache-sjc3129-SJC',
105 silly get     'x-cache': 'MISS',
105 silly get     'x-cache-hits': '0',
105 silly get     'x-timer': 'S1477613324.575138,VS0,VE92',
105 silly get     vary: 'Accept-Encoding' } ]
106 verbose get saving ionic-sdk to /Users/jchiu/.meteor/packages/meteor-tool/.1.4.2.zi1w5b++os.osx.x86_64+web.browser+web.cordova/mt-os.osx.x86_64/dev_bundle/.npm/registry.npmjs.org/ionic-sdk/.cache.json
107 verbose correctMkdir /Users/jchiu/.meteor/packages/meteor-tool/.1.4.2.zi1w5b++os.osx.x86_64+web.browser+web.cordova/mt-os.osx.x86_64/dev_bundle/.npm correctMkdir not in flight; initializing
108 http 200 https://registry.npmjs.org/spawn-sync
109 verbose headers { server: 'CouchDB/1.5.0 (Erlang OTP/R16B03)',
109 verbose headers   etag: '"EVQOUEEPY9QRK6VFO6IINQWX8"',
109 verbose headers   'content-type': 'application/json',
109 verbose headers   'content-encoding': 'gzip',
109 verbose headers   'cache-control': 'max-age=300',
109 verbose headers   'content-length': '4069',
109 verbose headers   'accept-ranges': 'bytes',
109 verbose headers   date: 'Fri, 28 Oct 2016 00:08:44 GMT',
109 verbose headers   via: '1.1 varnish',
109 verbose headers   age: '0',
109 verbose headers   connection: 'keep-alive',
109 verbose headers   'x-served-by': 'cache-sjc3131-SJC',
109 verbose headers   'x-cache': 'MISS',
109 verbose headers   'x-cache-hits': '0',
109 verbose headers   'x-timer': 'S1477613324.581258,VS0,VE102',
109 verbose headers   vary: 'Accept-Encoding' }
110 silly get cb [ 200,
110 silly get   { server: 'CouchDB/1.5.0 (Erlang OTP/R16B03)',
110 silly get     etag: '"EVQOUEEPY9QRK6VFO6IINQWX8"',
110 silly get     'content-type': 'application/json',
110 silly get     'content-encoding': 'gzip',
110 silly get     'cache-control': 'max-age=300',
110 silly get     'content-length': '4069',
110 silly get     'accept-ranges': 'bytes',
110 silly get     date: 'Fri, 28 Oct 2016 00:08:44 GMT',
110 silly get     via: '1.1 varnish',
110 silly get     age: '0',
110 silly get     connection: 'keep-alive',
110 silly get     'x-served-by': 'cache-sjc3131-SJC',
110 silly get     'x-cache': 'MISS',
110 silly get     'x-cache-hits': '0',
110 silly get     'x-timer': 'S1477613324.581258,VS0,VE102',
110 silly get     vary: 'Accept-Encoding' } ]
111 verbose get saving spawn-sync to /Users/jchiu/.meteor/packages/meteor-tool/.1.4.2.zi1w5b++os.osx.x86_64+web.browser+web.cordova/mt-os.osx.x86_64/dev_bundle/.npm/registry.npmjs.org/spawn-sync/.cache.json
112 verbose correctMkdir /Users/jchiu/.meteor/packages/meteor-tool/.1.4.2.zi1w5b++os.osx.x86_64+web.browser+web.cordova/mt-os.osx.x86_64/dev_bundle/.npm correctMkdir not in flight; initializing
113 http 200 https://registry.npmjs.org/meteor-node-stubs
114 verbose headers { server: 'CouchDB/1.5.0 (Erlang OTP/R16B03)',
114 verbose headers   etag: '"D098EN4SYLMZUBUC1S7U5PZ1V"',
114 verbose headers   'content-type': 'application/json',
114 verbose headers   'content-encoding': 'gzip',
114 verbose headers   'cache-control': 'max-age=300',
114 verbose headers   'content-length': '1983',
114 verbose headers   'accept-ranges': 'bytes',
114 verbose headers   date: 'Fri, 28 Oct 2016 00:08:44 GMT',
114 verbose headers   via: '1.1 varnish',
114 verbose headers   age: '0',
114 verbose headers   connection: 'keep-alive',
114 verbose headers   'x-served-by': 'cache-sjc3122-SJC',
114 verbose headers   'x-cache': 'MISS',
114 verbose headers   'x-cache-hits': '0',
114 verbose headers   'x-timer': 'S1477613324.581759,VS0,VE136',
114 verbose headers   vary: 'Accept-Encoding' }
115 silly get cb [ 200,
115 silly get   { server: 'CouchDB/1.5.0 (Erlang OTP/R16B03)',
115 silly get     etag: '"D098EN4SYLMZUBUC1S7U5PZ1V"',
115 silly get     'content-type': 'application/json',
115 silly get     'content-encoding': 'gzip',
115 silly get     'cache-control': 'max-age=300',
115 silly get     'content-length': '1983',
115 silly get     'accept-ranges': 'bytes',
115 silly get     date: 'Fri, 28 Oct 2016 00:08:44 GMT',
115 silly get     via: '1.1 varnish',
115 silly get     age: '0',
115 silly get     connection: 'keep-alive',
115 silly get     'x-served-by': 'cache-sjc3122-SJC',
115 silly get     'x-cache': 'MISS',
115 silly get     'x-cache-hits': '0',
115 silly get     'x-timer': 'S1477613324.581759,VS0,VE136',
115 silly get     vary: 'Accept-Encoding' } ]
116 verbose get saving meteor-node-stubs to /Users/jchiu/.meteor/packages/meteor-tool/.1.4.2.zi1w5b++os.osx.x86_64+web.browser+web.cordova/mt-os.osx.x86_64/dev_bundle/.npm/registry.npmjs.org/meteor-node-stubs/.cache.json
117 verbose correctMkdir /Users/jchiu/.meteor/packages/meteor-tool/.1.4.2.zi1w5b++os.osx.x86_64+web.browser+web.cordova/mt-os.osx.x86_64/dev_bundle/.npm correctMkdir not in flight; initializing
118 http 200 https://registry.npmjs.org/angular2-meteor
119 verbose headers { server: 'CouchDB/1.5.0 (Erlang OTP/R16B03)',
119 verbose headers   etag: '"EHI9MIH3KSBK6T2IOXJNPERN1"',
119 verbose headers   'content-type': 'application/json',
119 verbose headers   'content-encoding': 'gzip',
119 verbose headers   'cache-control': 'max-age=300',
119 verbose headers   'content-length': '9213',
119 verbose headers   'accept-ranges': 'bytes',
119 verbose headers   date: 'Fri, 28 Oct 2016 00:08:44 GMT',
119 verbose headers   via: '1.1 varnish',
119 verbose headers   age: '0',
119 verbose headers   connection: 'keep-alive',
119 verbose headers   'x-served-by': 'cache-sjc3625-SJC',
119 verbose headers   'x-cache': 'MISS',
119 verbose headers   'x-cache-hits': '0',
119 verbose headers   'x-timer': 'S1477613324.581846,VS0,VE138',
119 verbose headers   vary: 'Accept-Encoding' }
120 silly get cb [ 200,
120 silly get   { server: 'CouchDB/1.5.0 (Erlang OTP/R16B03)',
120 silly get     etag: '"EHI9MIH3KSBK6T2IOXJNPERN1"',
120 silly get     'content-type': 'application/json',
120 silly get     'content-encoding': 'gzip',
120 silly get     'cache-control': 'max-age=300',
120 silly get     'content-length': '9213',
120 silly get     'accept-ranges': 'bytes',
120 silly get     date: 'Fri, 28 Oct 2016 00:08:44 GMT',
120 silly get     via: '1.1 varnish',
120 silly get     age: '0',
120 silly get     connection: 'keep-alive',
120 silly get     'x-served-by': 'cache-sjc3625-SJC',
120 silly get     'x-cache': 'MISS',
120 silly get     'x-cache-hits': '0',
120 silly get     'x-timer': 'S1477613324.581846,VS0,VE138',
120 silly get     vary: 'Accept-Encoding' } ]
121 verbose get saving angular2-meteor to /Users/jchiu/.meteor/packages/meteor-tool/.1.4.2.zi1w5b++os.osx.x86_64+web.browser+web.cordova/mt-os.osx.x86_64/dev_bundle/.npm/registry.npmjs.org/angular2-meteor/.cache.json
122 verbose correctMkdir /Users/jchiu/.meteor/packages/meteor-tool/.1.4.2.zi1w5b++os.osx.x86_64+web.browser+web.cordova/mt-os.osx.x86_64/dev_bundle/.npm correctMkdir not in flight; initializing
123 http 200 https://registry.npmjs.org/ng-img-crop
124 verbose headers { server: 'CouchDB/1.5.0 (Erlang OTP/R16B03)',
124 verbose headers   etag: '"9DNYY39B8N4T4OUMO2JW6MZSY"',
124 verbose headers   'content-type': 'application/json',
124 verbose headers   'content-encoding': 'gzip',
124 verbose headers   'cache-control': 'max-age=300',
124 verbose headers   'content-length': '3257',
124 verbose headers   'accept-ranges': 'bytes',
124 verbose headers   date: 'Fri, 28 Oct 2016 00:08:44 GMT',
124 verbose headers   via: '1.1 varnish',
124 verbose headers   age: '0',
124 verbose headers   connection: 'keep-alive',
124 verbose headers   'x-served-by': 'cache-sjc3129-SJC',
124 verbose headers   'x-cache': 'MISS',
124 verbose headers   'x-cache-hits': '0',
124 verbose headers   'x-timer': 'S1477613324.581612,VS0,VE203',
124 verbose headers   vary: 'Accept-Encoding' }
125 silly get cb [ 200,
125 silly get   { server: 'CouchDB/1.5.0 (Erlang OTP/R16B03)',
125 silly get     etag: '"9DNYY39B8N4T4OUMO2JW6MZSY"',
125 silly get     'content-type': 'application/json',
125 silly get     'content-encoding': 'gzip',
125 silly get     'cache-control': 'max-age=300',
125 silly get     'content-length': '3257',
125 silly get     'accept-ranges': 'bytes',
125 silly get     date: 'Fri, 28 Oct 2016 00:08:44 GMT',
125 silly get     via: '1.1 varnish',
125 silly get     age: '0',
125 silly get     connection: 'keep-alive',
125 silly get     'x-served-by': 'cache-sjc3129-SJC',
125 silly get     'x-cache': 'MISS',
125 silly get     'x-cache-hits': '0',
125 silly get     'x-timer': 'S1477613324.581612,VS0,VE203',
125 silly get     vary: 'Accept-Encoding' } ]
126 verbose get saving ng-img-crop to /Users/jchiu/.meteor/packages/meteor-tool/.1.4.2.zi1w5b++os.osx.x86_64+web.browser+web.cordova/mt-os.osx.x86_64/dev_bundle/.npm/registry.npmjs.org/ng-img-crop/.cache.json
127 verbose correctMkdir /Users/jchiu/.meteor/packages/meteor-tool/.1.4.2.zi1w5b++os.osx.x86_64+web.browser+web.cordova/mt-os.osx.x86_64/dev_bundle/.npm correctMkdir not in flight; initializing
128 silly rollbackFailedOptional Starting
129 silly rollbackFailedOptional Finishing
130 silly runTopLevelLifecycles Finishing
131 silly install printInstalled
132 verbose stack Error: ENOENT: no such file or directory, open '/Users/jchiu/Downloads/meteor-angular-socially-master/@angular'
132 verbose stack     at Error (native)
133 verbose cwd /Users/jchiu/Downloads/meteor-angular-socially-master
134 error Darwin 16.1.0
135 error argv "/Users/jchiu/.meteor/packages/meteor-tool/.1.4.2.zi1w5b++os.osx.x86_64+web.browser+web.cordova/mt-os.osx.x86_64/dev_bundle/bin/node" "/Users/jchiu/.meteor/packages/meteor-tool/.1.4.2.zi1w5b++os.osx.x86_64+web.browser+web.cordova/mt-os.osx.x86_64/dev_bundle/bin/npm" "install" "--save" "@angular" "ng-img-crop" "meteor-node-stubs" "spawn-sync" "angular2-meteor" "angular-material" "angular-sanitize" "ionic-sdk"
136 error node v4.6.1
137 error npm  v3.10.9
138 error path /Users/jchiu/Downloads/meteor-angular-socially-master/@angular
139 error code ENOENT
140 error errno -2
141 error syscall open
142 error enoent ENOENT: no such file or directory, open '/Users/jchiu/Downloads/meteor-angular-socially-master/@angular'
143 error enoent ENOENT: no such file or directory, open '/Users/jchiu/Downloads/meteor-angular-socially-master/@angular'
143 error enoent This is most likely not a problem with npm itself
143 error enoent and is related to npm not being able to find a file.
144 verbose exit [ -2, true ]
